<<<<<<< HEAD
{"name":"BMS","hostname":"Lenovo-PC","pid":9228,"level":30,"msg":"findblogs method : data retrieve succesfully : results count : 4","time":"2017-08-25T07:46:38.283Z","v":0}
{"name":"BMS","hostname":"Lenovo-PC","pid":9228,"level":30,"msg":"getblogs method : data retrieve from cache : Cache Key getblogs_0_all","time":"2017-08-25T07:46:38.321Z","v":0}
{"name":"BMS","hostname":"Lenovo-PC","pid":4020,"level":30,"msg":"findblogs method : data retrieve succesfully : results count : 4","time":"2017-08-25T15:14:29.372Z","v":0}
{"name":"BMS","hostname":"Lenovo-PC","pid":4020,"level":30,"msg":"getblogs method : data retrieve from cache : Cache Key getblogs_0_all","time":"2017-08-25T15:14:29.384Z","v":0}
=======
{"name":"BMS","hostname":"NB3051517587","pid":15600,"level":50,"msg":"updateaboutme method : findOne method returned error : Collection Name : aboutme, Data : {\"userid\":\"596cb352bf47a70c193ce630\",\"content\":\"Hi I am testing\"},Error : TypeError: Cannot read property '_id' of null","time":"2017-08-25T06:13:09.282Z","v":0}
{"name":"BMS","hostname":"NB3051517587","pid":15600,"level":50,"msg":"updateaboutme method : findOne method returned error : Collection Name : aboutme, Data : {\"userid\":\"596cb352bf47a70c193ce630\",\"content\":\"Hi I am testing\"},Error : TypeError: Cannot read property '_id' of null","time":"2017-08-25T06:15:07.673Z","v":0}
{"name":"BMS","hostname":"NB3051517587","pid":17116,"level":30,"msg":"update method : Updated content successfully","time":"2017-08-25T06:43:17.895Z","v":0}
{"name":"BMS","hostname":"NB3051517587","pid":16692,"level":30,"msg":"insert method : results count : undefined","time":"2017-08-25T06:52:43.446Z","v":0}
{"name":"BMS","hostname":"NB3051517587","pid":16692,"level":30,"msg":"updateaboutme method : data added successfully : Collection Name : aboutme, Data {\"userid\":\"595cde84f8ce4a2250f38820\",\"content\":\"Hi I am testing\",\"_id\":\"599fc93b621e8541347fae03\"}","time":"2017-08-25T06:52:43.448Z","v":0}
{"name":"BMS","hostname":"NB3051517587","pid":16608,"level":30,"msg":"findblogs method : data retrieve succesfully : results count : 4","time":"2017-08-25T07:04:42.398Z","v":0}
{"name":"BMS","hostname":"NB3051517587","pid":16608,"level":30,"msg":"getblogs method : data retrieve from cache : Cache Key getblogs_0_all","time":"2017-08-25T07:04:42.405Z","v":0}
{"name":"BMS","hostname":"NB3051517587","pid":16608,"level":30,"msg":"getblogs method : data retrieve from cache","time":"2017-08-25T07:04:50.618Z","v":0}
{"name":"BMS","hostname":"NB3051517587","pid":16608,"level":30,"msg":"getaboutme method : data retrieve from cache : Cache Key getaboutme595cde84f8ce4a2250f38820","time":"2017-08-25T07:04:53.700Z","v":0}
{"name":"BMS","hostname":"NB3051517587","pid":16608,"level":30,"msg":"insert method : results count : undefined","time":"2017-08-25T07:05:12.219Z","v":0}
{"name":"BMS","hostname":"NB3051517587","pid":16608,"level":30,"msg":"updateaboutme method : data added successfully : Collection Name : aboutme, Data {\"userid\":\"595cde84f8ce4a2250f38820\",\"content\":\"Testing Data , I am wirting \\r\\n\\r\\nsdsfd\\r\\nfdf\\r\\ndf\\r\\ndf\\r\\ndsf\\r\\nsdff\",\"_id\":\"599fcc280db20e40e042b5d7\"}","time":"2017-08-25T07:05:12.219Z","v":0}
{"name":"BMS","hostname":"NB3051517587","pid":16608,"level":30,"msg":"findblogs method : data retrieve succesfully : results count : 4","time":"2017-08-25T07:09:04.892Z","v":0}
{"name":"BMS","hostname":"NB3051517587","pid":16608,"level":30,"msg":"getblogs method : data retrieve from cache : Cache Key getblogs_0_all","time":"2017-08-25T07:09:04.895Z","v":0}
{"name":"BMS","hostname":"NB3051517587","pid":16608,"level":30,"msg":"findblogs method : data retrieve succesfully : results count : 4","time":"2017-08-25T07:10:39.573Z","v":0}
{"name":"BMS","hostname":"NB3051517587","pid":16608,"level":30,"msg":"getblogs method : data retrieve from cache : Cache Key getblogs_0_all","time":"2017-08-25T07:10:39.577Z","v":0}
{"name":"BMS","hostname":"NB3051517587","pid":16608,"level":30,"msg":"findblogs method : data retrieve succesfully : results count : 4","time":"2017-08-25T07:12:52.154Z","v":0}
{"name":"BMS","hostname":"NB3051517587","pid":16608,"level":30,"msg":"getblogs method : data retrieve from cache : Cache Key getblogs_0_all","time":"2017-08-25T07:12:52.158Z","v":0}
{"name":"BMS","hostname":"NB3051517587","pid":16608,"level":30,"msg":"getaboutme method : data retrieve from cache : Cache Key getaboutme595cde84f8ce4a2250f38820","time":"2017-08-25T07:12:54.921Z","v":0}
{"name":"BMS","hostname":"NB3051517587","pid":16608,"level":30,"msg":"updateaboutme method :  call findOne method : Collection Name : aboutme, where filter : {\"_id\":\"599fcc280db20e40e042b5d7\"}","time":"2017-08-25T07:12:59.740Z","v":0}
{"name":"BMS","hostname":"NB3051517587","pid":16608,"level":30,"msg":"updateaboutme method : call update method : Collection Name : aboutme, updated query data : {\"content\":\"Testing Data , I am wirting \\r\\n              \\r\\n              sdsfd\\r\\n              fdf\\r\\n              df\\r\\n              df\\r\\n              dsf\\r\\n              sdff\"}, where filter : {\"_id\":\"599fcc280db20e40e042b5d7\"}","time":"2017-08-25T07:12:59.938Z","v":0}
{"name":"BMS","hostname":"NB3051517587","pid":16608,"level":30,"msg":"update method : Updated content successfully","time":"2017-08-25T07:13:00.135Z","v":0}
{"name":"BMS","hostname":"NB3051517587","pid":16608,"level":30,"msg":"updateaboutme method : successfully updated about me details : Collection Name : aboutme, updated query data : {\"n\":1,\"nModified\":1,\"opTime\":{\"ts\":\"6458106872888033281\",\"t\":4},\"electionId\":\"7fffffff0000000000000004\",\"ok\":1}","time":"2017-08-25T07:13:00.137Z","v":0}
{"name":"BMS","hostname":"NB3051517587","pid":16608,"level":30,"msg":"updateaboutme method :  call findOne method : Collection Name : aboutme, where filter : {\"_id\":\"599fcc280db20e40e042b5d7\"}","time":"2017-08-25T07:13:57.577Z","v":0}
{"name":"BMS","hostname":"NB3051517587","pid":16608,"level":30,"msg":"updateaboutme method : call update method : Collection Name : aboutme, updated query data : {\"content\":\"Testing about me section \\r\\nAdding about me data\"}, where filter : {\"_id\":\"599fcc280db20e40e042b5d7\"}","time":"2017-08-25T07:13:57.850Z","v":0}
{"name":"BMS","hostname":"NB3051517587","pid":16608,"level":30,"msg":"update method : Updated content successfully","time":"2017-08-25T07:13:58.079Z","v":0}
{"name":"BMS","hostname":"NB3051517587","pid":16608,"level":30,"msg":"updateaboutme method : successfully updated about me details : Collection Name : aboutme, updated query data : {\"n\":1,\"nModified\":1,\"opTime\":{\"ts\":\"6458107121996136449\",\"t\":4},\"electionId\":\"7fffffff0000000000000004\",\"ok\":1}","time":"2017-08-25T07:13:58.080Z","v":0}
{"name":"BMS","hostname":"NB3051517587","pid":16608,"level":30,"msg":"getaboutme method : data retrieve from cache : Cache Key getaboutme595cde84f8ce4a2250f38820","time":"2017-08-25T07:14:02.792Z","v":0}
{"name":"BMS","hostname":"NB3051517587","pid":16608,"level":30,"msg":"getaboutme method : data retrieve from cache : Cache Key getaboutme595cde84f8ce4a2250f38820","time":"2017-08-25T11:28:18.439Z","v":0}
{"name":"BMS","hostname":"NB3051517587","pid":16608,"level":30,"msg":"getaboutme method : data retrieve from cache : Cache Key getaboutme595cde84f8ce4a2250f38820","time":"2017-08-25T11:31:29.386Z","v":0}
{"name":"BMS","hostname":"NB3051517587","pid":16608,"level":30,"msg":"getaboutme method : data retrieve from cache","time":"2017-08-25T11:31:48.167Z","v":0}
{"name":"BMS","hostname":"NB3051517587","pid":16608,"level":30,"msg":"updateaboutme method :  call findOne method : Collection Name : aboutme, where filter : {\"_id\":\"599fcc280db20e40e042b5d7\"}","time":"2017-08-25T11:32:12.265Z","v":0}
{"name":"BMS","hostname":"NB3051517587","pid":16608,"level":30,"msg":"updateaboutme method : call update method : Collection Name : aboutme, updated query data : {\"content\":\"Testing about me section \\r\\n              Adding about me data\\r\\nsdsdd\\r\\n\\r\\n\\r\\nasdasd\\r\\nsdsd\\r\\n\"}, where filter : {\"_id\":\"599fcc280db20e40e042b5d7\"}","time":"2017-08-25T11:32:12.460Z","v":0}
{"name":"BMS","hostname":"NB3051517587","pid":16608,"level":30,"msg":"update method : Updated content successfully","time":"2017-08-25T11:32:12.660Z","v":0}
{"name":"BMS","hostname":"NB3051517587","pid":16608,"level":30,"msg":"updateaboutme method : successfully updated about me details : Collection Name : aboutme, updated query data : {\"n\":1,\"nModified\":1,\"opTime\":{\"ts\":\"6458173668219420673\",\"t\":4},\"electionId\":\"7fffffff0000000000000004\",\"ok\":1}","time":"2017-08-25T11:32:12.660Z","v":0}
{"name":"BMS","hostname":"NB3051517587","pid":16608,"level":30,"msg":"findblogs method : data retrieve succesfully : results count : 4","time":"2017-08-25T11:32:16.372Z","v":0}
{"name":"BMS","hostname":"NB3051517587","pid":16608,"level":30,"msg":"getblogs method : data retrieve from cache : Cache Key getblogs_0_all","time":"2017-08-25T11:32:16.374Z","v":0}
{"name":"BMS","hostname":"NB3051517587","pid":16608,"level":30,"msg":"getaboutme method : data retrieve from cache : Cache Key getaboutme595cde84f8ce4a2250f38820","time":"2017-08-25T11:32:19.087Z","v":0}
{"name":"BMS","hostname":"NB3051517587","pid":16608,"level":30,"msg":"getaboutme method : data retrieve from cache : Cache Key getaboutme595cde84f8ce4a2250f38820","time":"2017-08-25T11:36:20.249Z","v":0}
{"name":"BMS","hostname":"NB3051517587","pid":16608,"level":30,"msg":"updateaboutme method :  call findOne method : Collection Name : aboutme, where filter : {\"_id\":\"599fcc280db20e40e042b5d7\"}","time":"2017-08-25T11:38:18.389Z","v":0}
{"name":"BMS","hostname":"NB3051517587","pid":16608,"level":30,"msg":"updateaboutme method : call update method : Collection Name : aboutme, updated query data : {\"content\":\"Testing about me section \\r\\n                            Adding about me data\\r\\n              sdsdd\\r\\n              \\r\\n              \\r\\n              asdasd\\r\\n              sdsd\\r\\nHello\\r\\n              \"}, where filter : {\"_id\":\"599fcc280db20e40e042b5d7\"}","time":"2017-08-25T11:38:18.585Z","v":0}
{"name":"BMS","hostname":"NB3051517587","pid":16608,"level":30,"msg":"update method : Updated content successfully","time":"2017-08-25T11:38:18.780Z","v":0}
{"name":"BMS","hostname":"NB3051517587","pid":16608,"level":30,"msg":"updateaboutme method : successfully updated about me details : Collection Name : aboutme, updated query data : {\"n\":1,\"nModified\":1,\"opTime\":{\"ts\":\"6458175240177451009\",\"t\":4},\"electionId\":\"7fffffff0000000000000004\",\"ok\":1}","time":"2017-08-25T11:38:18.781Z","v":0}
{"name":"BMS","hostname":"NB3051517587","pid":16608,"level":30,"msg":"getaboutme method : data retrieve from cache : Cache Key getaboutme595cde84f8ce4a2250f38820","time":"2017-08-25T11:38:28.951Z","v":0}
{"name":"BMS","hostname":"NB3051517587","pid":16608,"level":30,"msg":"getaboutme method : data retrieve from cache : Cache Key getaboutme595cde84f8ce4a2250f38820","time":"2017-08-25T11:39:41.894Z","v":0}
{"name":"BMS","hostname":"NB3051517587","pid":16608,"level":30,"msg":"getaboutme method : data retrieve from cache : Cache Key getaboutme595cde84f8ce4a2250f38820","time":"2017-08-25T11:40:46.815Z","v":0}
{"name":"BMS","hostname":"NB3051517587","pid":16608,"level":30,"msg":"getaboutme method : data retrieve from cache : Cache Key getaboutme595cde84f8ce4a2250f38820","time":"2017-08-25T11:42:03.251Z","v":0}
{"name":"BMS","hostname":"NB3051517587","pid":16608,"level":30,"msg":"getaboutme method : data retrieve from cache : Cache Key getaboutme595cde84f8ce4a2250f38820","time":"2017-08-25T11:44:20.720Z","v":0}
{"name":"BMS","hostname":"NB3051517587","pid":16608,"level":30,"msg":"getaboutme method : data retrieve from cache : Cache Key getaboutme595cde84f8ce4a2250f38820","time":"2017-08-25T11:47:14.015Z","v":0}
{"name":"BMS","hostname":"NB3051517587","pid":16608,"level":30,"msg":"getaboutme method : data retrieve from cache","time":"2017-08-25T11:47:16.259Z","v":0}
{"name":"BMS","hostname":"NB3051517587","pid":16608,"level":30,"msg":"getaboutme method : data retrieve from cache : Cache Key getaboutme595cde84f8ce4a2250f38820","time":"2017-08-25T11:51:32.288Z","v":0}
{"name":"BMS","hostname":"NB3051517587","pid":16608,"level":30,"msg":"getaboutme method : data retrieve from cache","time":"2017-08-25T11:51:51.269Z","v":0}
{"name":"BMS","hostname":"NB3051517587","pid":16608,"level":30,"msg":"getaboutme method : data retrieve from cache : Cache Key getaboutme595cde84f8ce4a2250f38820","time":"2017-08-25T11:52:06.150Z","v":0}
{"name":"BMS","hostname":"NB3051517587","pid":16608,"level":30,"msg":"findblogs method : data retrieve succesfully : results count : 4","time":"2017-08-25T11:52:09.625Z","v":0}
{"name":"BMS","hostname":"NB3051517587","pid":16608,"level":30,"msg":"getblogs method : data retrieve from cache : Cache Key getblogs_0_all","time":"2017-08-25T11:52:09.626Z","v":0}
{"name":"BMS","hostname":"NB3051517587","pid":16608,"level":30,"msg":"getaboutme method : data retrieve from cache","time":"2017-08-25T11:52:11.816Z","v":0}
{"name":"BMS","hostname":"NB3051517587","pid":16608,"level":30,"msg":"getaboutme method : data retrieve from cache : Cache Key getaboutme595cde84f8ce4a2250f38820","time":"2017-08-25T11:53:43.227Z","v":0}
{"name":"BMS","hostname":"NB3051517587","pid":16608,"level":30,"msg":"getaboutme method : data retrieve from cache","time":"2017-08-25T11:54:07.380Z","v":0}
{"name":"BMS","hostname":"NB3051517587","pid":16608,"level":30,"msg":"findblogs method : data retrieve succesfully : results count : 4","time":"2017-08-25T11:56:33.361Z","v":0}
{"name":"BMS","hostname":"NB3051517587","pid":16608,"level":30,"msg":"getblogs method : data retrieve from cache : Cache Key getblogs_0_all","time":"2017-08-25T11:56:33.364Z","v":0}
{"name":"BMS","hostname":"NB3051517587","pid":16608,"level":30,"msg":"getblogs method : data retrieve from cache","time":"2017-08-25T11:56:40.736Z","v":0}
{"name":"BMS","hostname":"NB3051517587","pid":16608,"level":30,"msg":"getaboutme method : data retrieve from cache : Cache Key getaboutme595cde84f8ce4a2250f38820","time":"2017-08-25T11:56:43.046Z","v":0}
{"name":"BMS","hostname":"NB3051517587","pid":16608,"level":30,"msg":"findblogs method : data retrieve succesfully : results count : 4","time":"2017-08-25T11:58:55.871Z","v":0}
{"name":"BMS","hostname":"NB3051517587","pid":16608,"level":30,"msg":"getblogs method : data retrieve from cache : Cache Key getblogs_0_all","time":"2017-08-25T11:58:55.872Z","v":0}
{"name":"BMS","hostname":"NB3051517587","pid":16608,"level":30,"msg":"getblogs method : data retrieve from cache","time":"2017-08-25T11:59:04.534Z","v":0}
{"name":"BMS","hostname":"NB3051517587","pid":16608,"level":30,"msg":"getaboutme method : data retrieve from cache : Cache Key getaboutme595cde84f8ce4a2250f38820","time":"2017-08-25T11:59:06.899Z","v":0}
{"name":"BMS","hostname":"NB3051517587","pid":16608,"level":30,"msg":"getaboutme method : data retrieve from cache : Cache Key getaboutme595cde84f8ce4a2250f38820","time":"2017-08-25T12:00:58.358Z","v":0}
{"name":"BMS","hostname":"NB3051517587","pid":16608,"level":30,"msg":"findblogs method : data retrieve succesfully : results count : 4","time":"2017-08-25T12:02:38.866Z","v":0}
{"name":"BMS","hostname":"NB3051517587","pid":16608,"level":30,"msg":"getblogs method : data retrieve from cache : Cache Key getblogs_0_all","time":"2017-08-25T12:02:38.869Z","v":0}
{"name":"BMS","hostname":"NB3051517587","pid":16608,"level":30,"msg":"getblogs method : data retrieve from cache","time":"2017-08-25T12:02:48.009Z","v":0}
{"name":"BMS","hostname":"NB3051517587","pid":16608,"level":30,"msg":"getaboutme method : data retrieve from cache : Cache Key getaboutme595cde84f8ce4a2250f38820","time":"2017-08-25T12:02:54.014Z","v":0}
{"name":"BMS","hostname":"NB3051517587","pid":16608,"level":30,"msg":"updateaboutme method :  call findOne method : Collection Name : aboutme, where filter : {\"_id\":\"599fcc280db20e40e042b5d7\"}","time":"2017-08-25T12:04:01.079Z","v":0}
{"name":"BMS","hostname":"NB3051517587","pid":16608,"level":30,"msg":"updateaboutme method : call update method : Collection Name : aboutme, updated query data : {\"content\":\"Hi  I am vaskar sarma. Writing my first blog apps using node.                          \"}, where filter : {\"_id\":\"599fcc280db20e40e042b5d7\"}","time":"2017-08-25T12:04:01.285Z","v":0}
{"name":"BMS","hostname":"NB3051517587","pid":16608,"level":30,"msg":"update method : Updated content successfully","time":"2017-08-25T12:04:01.483Z","v":0}
{"name":"BMS","hostname":"NB3051517587","pid":16608,"level":30,"msg":"updateaboutme method : successfully updated about me details : Collection Name : aboutme, updated query data : {\"n\":1,\"nModified\":1,\"opTime\":{\"ts\":\"6458181867311988747\",\"t\":4},\"electionId\":\"7fffffff0000000000000004\",\"ok\":1}","time":"2017-08-25T12:04:01.485Z","v":0}
{"name":"BMS","hostname":"NB3051517587","pid":16608,"level":30,"msg":"findblogs method : data retrieve succesfully : results count : 4","time":"2017-08-25T12:05:49.337Z","v":0}
{"name":"BMS","hostname":"NB3051517587","pid":16608,"level":30,"msg":"getblogs method : data retrieve from cache : Cache Key getblogs_0_all","time":"2017-08-25T12:05:49.338Z","v":0}
{"name":"BMS","hostname":"NB3051517587","pid":16608,"level":30,"msg":"getblogs method : data retrieve from cache","time":"2017-08-25T12:05:58.718Z","v":0}
{"name":"BMS","hostname":"NB3051517587","pid":16608,"level":30,"msg":"getaboutme method : data retrieve from cache : Cache Key getaboutme595cde84f8ce4a2250f38820","time":"2017-08-25T12:06:01.995Z","v":0}
{"name":"BMS","hostname":"NB3051517587","pid":16608,"level":30,"msg":"updateaboutme method :  call findOne method : Collection Name : aboutme, where filter : {\"_id\":\"599fcc280db20e40e042b5d7\"}","time":"2017-08-25T12:06:15.749Z","v":0}
{"name":"BMS","hostname":"NB3051517587","pid":16608,"level":30,"msg":"updateaboutme method : call update method : Collection Name : aboutme, updated query data : {\"content\":\"Hi  I am vaskar sarma. Writing my first blog apps using node.                          \"}, where filter : {\"_id\":\"599fcc280db20e40e042b5d7\"}","time":"2017-08-25T12:06:15.958Z","v":0}
{"name":"BMS","hostname":"NB3051517587","pid":16608,"level":30,"msg":"update method : Updated content successfully","time":"2017-08-25T12:06:16.155Z","v":0}
{"name":"BMS","hostname":"NB3051517587","pid":16608,"level":30,"msg":"updateaboutme method : successfully updated about me details : Collection Name : aboutme, updated query data : {\"n\":1,\"nModified\":0,\"opTime\":{\"ts\":\"6458182421362769921\",\"t\":4},\"electionId\":\"7fffffff0000000000000004\",\"ok\":1}","time":"2017-08-25T12:06:16.155Z","v":0}
{"name":"BMS","hostname":"NB3051517587","pid":16608,"level":30,"msg":"findblogs method : data retrieve succesfully : results count : 4","time":"2017-08-25T12:10:57.264Z","v":0}
{"name":"BMS","hostname":"NB3051517587","pid":16608,"level":30,"msg":"getblogs method : data retrieve from cache : Cache Key getblogs_0_all","time":"2017-08-25T12:10:57.265Z","v":0}
{"name":"BMS","hostname":"NB3051517587","pid":16608,"level":30,"msg":"getblogs method : data retrieve from cache","time":"2017-08-25T12:11:04.425Z","v":0}
{"name":"BMS","hostname":"NB3051517587","pid":16608,"level":30,"msg":"getaboutme method : data retrieve from cache : Cache Key getaboutme595cde84f8ce4a2250f38820","time":"2017-08-25T12:11:07.730Z","v":0}
{"name":"BMS","hostname":"NB3051517587","pid":16608,"level":30,"msg":"updateaboutme method :  call findOne method : Collection Name : aboutme, where filter : {\"_id\":\"599fcc280db20e40e042b5d7\"}","time":"2017-08-25T12:11:46.248Z","v":0}
{"name":"BMS","hostname":"NB3051517587","pid":16608,"level":30,"msg":"updateaboutme method : call update method : Collection Name : aboutme, updated query data : {\"content\":\"Hi  I am vaskar sarma. Writing my first blog apps using node. Hi  I am vaskar sarma. Writing my first blog apps using node.  Testing Hi  I am vaskar sarma. Writing my first blog apps using node.  Testing Hi  I am vaskar sarma. Writing my first blog apps using node.  Testing Hi  I am vaskar sarma. Writing my first blog apps using node.  Testing                          \"}, where filter : {\"_id\":\"599fcc280db20e40e042b5d7\"}","time":"2017-08-25T12:11:46.444Z","v":0}
{"name":"BMS","hostname":"NB3051517587","pid":16608,"level":30,"msg":"update method : Updated content successfully","time":"2017-08-25T12:11:46.654Z","v":0}
{"name":"BMS","hostname":"NB3051517587","pid":16608,"level":30,"msg":"updateaboutme method : successfully updated about me details : Collection Name : aboutme, updated query data : {\"n\":1,\"nModified\":1,\"opTime\":{\"ts\":\"6458183864471781377\",\"t\":4},\"electionId\":\"7fffffff0000000000000004\",\"ok\":1}","time":"2017-08-25T12:11:46.655Z","v":0}
{"name":"BMS","hostname":"NB3051517587","pid":16608,"level":30,"msg":"findblogs method : data retrieve succesfully : results count : 4","time":"2017-08-25T12:11:52.829Z","v":0}
{"name":"BMS","hostname":"NB3051517587","pid":16608,"level":30,"msg":"getblogs method : data retrieve from cache : Cache Key getblogs_0_all","time":"2017-08-25T12:11:52.830Z","v":0}
{"name":"BMS","hostname":"NB3051517587","pid":16608,"level":30,"msg":"getaboutme method : data retrieve from cache : Cache Key getaboutme595cde84f8ce4a2250f38820","time":"2017-08-25T12:11:56.304Z","v":0}
{"name":"BMS","hostname":"NB3051517587","pid":16608,"level":30,"msg":"getblogs method : data retrieve from cache","time":"2017-08-25T12:12:08.953Z","v":0}
{"name":"BMS","hostname":"NB3051517587","pid":16608,"level":30,"msg":"getblogs method : data retrieve from cache","time":"2017-08-25T12:12:16.761Z","v":0}
{"name":"BMS","hostname":"NB3051517587","pid":16608,"level":30,"msg":"getaboutme method : data retrieve from cache : Cache Key getaboutme5945424df36d28265550c8ea","time":"2017-08-25T12:12:20.127Z","v":0}
{"name":"BMS","hostname":"NB3051517587","pid":16608,"level":30,"msg":"insert method : results count : undefined","time":"2017-08-25T12:12:30.852Z","v":0}
{"name":"BMS","hostname":"NB3051517587","pid":16608,"level":30,"msg":"updateaboutme method : data added successfully : Collection Name : aboutme, Data {\"userid\":\"5945424df36d28265550c8ea\",\"content\":\"Testing by ankit\",\"_id\":\"59a0142e0db20e40e042b5d8\"}","time":"2017-08-25T12:12:30.852Z","v":0}
{"name":"BMS","hostname":"NB3051517587","pid":16608,"level":30,"msg":"getaboutme method : data retrieve from cache : Cache Key getaboutme5945424df36d28265550c8ea","time":"2017-08-25T12:37:05.615Z","v":0}
{"name":"BMS","hostname":"NB3051517587","pid":16608,"level":30,"msg":"getaboutme method : data retrieve from cache : Cache Key getaboutme5945424df36d28265550c8ea","time":"2017-08-25T12:39:11.622Z","v":0}
{"name":"BMS","hostname":"NB3051517587","pid":16608,"level":30,"msg":"getaboutme method : data retrieve from cache : Cache Key getaboutme5945424df36d28265550c8ea","time":"2017-08-25T12:40:11.124Z","v":0}
{"name":"BMS","hostname":"NB3051517587","pid":16608,"level":30,"msg":"getaboutme method : data retrieve from cache : Cache Key getaboutme5945424df36d28265550c8ea","time":"2017-08-25T12:41:46.837Z","v":0}
{"name":"BMS","hostname":"NB3051517587","pid":16608,"level":30,"msg":"getaboutme method : data retrieve from cache : Cache Key getaboutme5945424df36d28265550c8ea","time":"2017-08-25T12:42:48.512Z","v":0}
{"name":"BMS","hostname":"NB3051517587","pid":16608,"level":30,"msg":"getaboutme method : data retrieve from cache : Cache Key getaboutme5945424df36d28265550c8ea","time":"2017-08-25T12:44:11.690Z","v":0}
{"name":"BMS","hostname":"NB3051517587","pid":16608,"level":30,"msg":"getaboutme method : data retrieve from cache : Cache Key getaboutme5945424df36d28265550c8ea","time":"2017-08-25T12:45:52.145Z","v":0}
{"name":"BMS","hostname":"NB3051517587","pid":16608,"level":30,"msg":"findblogs method : data retrieve succesfully : results count : 4","time":"2017-08-25T12:56:28.564Z","v":0}
{"name":"BMS","hostname":"NB3051517587","pid":16608,"level":30,"msg":"getblogs method : data retrieve from cache : Cache Key getblogs_0_all","time":"2017-08-25T12:56:28.566Z","v":0}
{"name":"BMS","hostname":"NB3051517587","pid":16608,"level":30,"msg":"getblogs method : data retrieve from cache","time":"2017-08-25T12:56:41.266Z","v":0}
{"name":"BMS","hostname":"NB3051517587","pid":16608,"level":30,"msg":"getaboutme method : data retrieve from cache : Cache Key getaboutme595cde84f8ce4a2250f38820","time":"2017-08-25T12:56:44.087Z","v":0}
{"name":"BMS","hostname":"NB3051517587","pid":16608,"level":30,"msg":"findblogs method : data retrieve succesfully : results count : 4","time":"2017-08-25T13:06:07.357Z","v":0}
{"name":"BMS","hostname":"NB3051517587","pid":16608,"level":30,"msg":"getblogs method : data retrieve from cache : Cache Key getblogs_0_all","time":"2017-08-25T13:06:07.360Z","v":0}
{"name":"BMS","hostname":"NB3051517587","pid":16608,"level":30,"msg":"getblogs method : data retrieve from cache","time":"2017-08-25T13:06:22.097Z","v":0}
{"name":"BMS","hostname":"NB3051517587","pid":16608,"level":30,"msg":"getaboutme method : data retrieve from cache : Cache Key getaboutme595cde84f8ce4a2250f38820","time":"2017-08-25T13:06:24.930Z","v":0}
{"name":"BMS","hostname":"NB3051517587","pid":16608,"level":30,"msg":"findblogs method : data retrieve succesfully : results count : 4","time":"2017-08-25T13:12:30.325Z","v":0}
{"name":"BMS","hostname":"NB3051517587","pid":16608,"level":30,"msg":"getblogs method : data retrieve from cache : Cache Key getblogs_0_all","time":"2017-08-25T13:12:30.326Z","v":0}
{"name":"BMS","hostname":"NB3051517587","pid":16608,"level":30,"msg":"getblogs method : data retrieve from cache","time":"2017-08-25T13:12:43.777Z","v":0}
{"name":"BMS","hostname":"NB3051517587","pid":16608,"level":30,"msg":"getaboutme method : data retrieve from cache : Cache Key getaboutme595cde84f8ce4a2250f38820","time":"2017-08-25T13:12:46.551Z","v":0}
{"name":"BMS","hostname":"NB3051517587","pid":16608,"level":30,"msg":"findblogs method : data retrieve succesfully : results count : 4","time":"2017-08-25T13:15:34.773Z","v":0}
{"name":"BMS","hostname":"NB3051517587","pid":16608,"level":30,"msg":"getblogs method : data retrieve from cache : Cache Key getblogs_0_all","time":"2017-08-25T13:15:34.774Z","v":0}
{"name":"BMS","hostname":"NB3051517587","pid":16608,"level":30,"msg":"getblogs method : data retrieve from cache","time":"2017-08-25T13:15:43.874Z","v":0}
{"name":"BMS","hostname":"NB3051517587","pid":16608,"level":30,"msg":"getaboutme method : data retrieve from cache : Cache Key getaboutme595cde84f8ce4a2250f38820","time":"2017-08-25T13:15:47.099Z","v":0}
{"name":"BMS","hostname":"NB3051517587","pid":16608,"level":30,"msg":"getaboutme method : data retrieve from cache : Cache Key getaboutme595cde84f8ce4a2250f38820","time":"2017-08-25T13:26:03.167Z","v":0}
{"name":"BMS","hostname":"NB3051517587","pid":16608,"level":30,"msg":"getaboutme method : data retrieve from cache","time":"2017-08-25T13:26:06.391Z","v":0}
{"name":"BMS","hostname":"NB3051517587","pid":16608,"level":30,"msg":"findblogs method : data retrieve succesfully : results count : 4","time":"2017-08-25T13:26:39.951Z","v":0}
{"name":"BMS","hostname":"NB3051517587","pid":16608,"level":30,"msg":"getblogs method : data retrieve from cache : Cache Key getblogs_0_all","time":"2017-08-25T13:26:39.953Z","v":0}
{"name":"BMS","hostname":"NB3051517587","pid":16608,"level":30,"msg":"getblogs method : data retrieve from cache","time":"2017-08-25T13:26:49.378Z","v":0}
{"name":"BMS","hostname":"NB3051517587","pid":16608,"level":30,"msg":"getaboutme method : data retrieve from cache : Cache Key getaboutme595cde84f8ce4a2250f38820","time":"2017-08-25T13:26:52.315Z","v":0}
{"name":"BMS","hostname":"NB3051517587","pid":16608,"level":30,"msg":"findblogs method : data retrieve succesfully : results count : 4","time":"2017-08-25T13:32:26.116Z","v":0}
{"name":"BMS","hostname":"NB3051517587","pid":16608,"level":30,"msg":"getblogs method : data retrieve from cache : Cache Key getblogs_0_all","time":"2017-08-25T13:32:26.117Z","v":0}
{"name":"BMS","hostname":"NB3051517587","pid":16608,"level":30,"msg":"getblogs method : data retrieve from cache","time":"2017-08-25T13:32:34.374Z","v":0}
{"name":"BMS","hostname":"NB3051517587","pid":16608,"level":30,"msg":"getaboutme method : data retrieve from cache : Cache Key getaboutme595cde84f8ce4a2250f38820","time":"2017-08-25T13:32:36.503Z","v":0}
{"name":"BMS","hostname":"NB3051517587","pid":16608,"level":30,"msg":"findblogs method : data retrieve succesfully : results count : 4","time":"2017-08-25T13:38:52.880Z","v":0}
{"name":"BMS","hostname":"NB3051517587","pid":16608,"level":30,"msg":"getblogs method : data retrieve from cache : Cache Key getblogs_0_all","time":"2017-08-25T13:38:52.880Z","v":0}
{"name":"BMS","hostname":"NB3051517587","pid":16608,"level":30,"msg":"getblogs method : data retrieve from cache","time":"2017-08-25T13:38:59.969Z","v":0}
{"name":"BMS","hostname":"NB3051517587","pid":16608,"level":30,"msg":"getaboutme method : data retrieve from cache : Cache Key getaboutme595cde84f8ce4a2250f38820","time":"2017-08-25T13:39:02.071Z","v":0}
{"name":"BMS","hostname":"NB3051517587","pid":16608,"level":30,"msg":"findblogs method : data retrieve succesfully : results count : 4","time":"2017-08-25T13:40:18.632Z","v":0}
{"name":"BMS","hostname":"NB3051517587","pid":16608,"level":30,"msg":"getblogs method : data retrieve from cache : Cache Key getblogs_0_all","time":"2017-08-25T13:40:18.633Z","v":0}
{"name":"BMS","hostname":"NB3051517587","pid":16608,"level":30,"msg":"getblogs method : data retrieve from cache","time":"2017-08-25T13:40:26.328Z","v":0}
{"name":"BMS","hostname":"NB3051517587","pid":16608,"level":30,"msg":"getaboutme method : data retrieve from cache : Cache Key getaboutme595cde84f8ce4a2250f38820","time":"2017-08-25T13:40:28.768Z","v":0}
{"name":"BMS","hostname":"NB3051517587","pid":16608,"level":30,"msg":"findblogs method : data retrieve succesfully : results count : 4","time":"2017-08-25T13:55:09.094Z","v":0}
{"name":"BMS","hostname":"NB3051517587","pid":16608,"level":30,"msg":"getblogs method : data retrieve from cache : Cache Key getblogs_0_all","time":"2017-08-25T13:55:09.096Z","v":0}
{"name":"BMS","hostname":"NB3051517587","pid":16608,"level":30,"msg":"getblogs method : data retrieve from cache","time":"2017-08-25T13:55:16.164Z","v":0}
{"name":"BMS","hostname":"NB3051517587","pid":16608,"level":30,"msg":"getaboutme method : data retrieve from cache : Cache Key getaboutme595cde84f8ce4a2250f38820","time":"2017-08-25T13:55:19.419Z","v":0}
{"name":"BMS","hostname":"NB3051517587","pid":16608,"level":30,"msg":"findblogs method : data retrieve succesfully : results count : 4","time":"2017-08-25T13:57:16.161Z","v":0}
{"name":"BMS","hostname":"NB3051517587","pid":16608,"level":30,"msg":"getblogs method : data retrieve from cache : Cache Key getblogs_0_all","time":"2017-08-25T13:57:16.162Z","v":0}
{"name":"BMS","hostname":"NB3051517587","pid":16608,"level":30,"msg":"getblogs method : data retrieve from cache","time":"2017-08-25T13:57:24.925Z","v":0}
{"name":"BMS","hostname":"NB3051517587","pid":16608,"level":30,"msg":"getaboutme method : data retrieve from cache : Cache Key getaboutme595cde84f8ce4a2250f38820","time":"2017-08-25T13:57:27.345Z","v":0}
{"name":"BMS","hostname":"NB3051517587","pid":16608,"level":30,"msg":"findblogs method : data retrieve succesfully : results count : 4","time":"2017-08-25T13:58:21.765Z","v":0}
{"name":"BMS","hostname":"NB3051517587","pid":16608,"level":30,"msg":"getblogs method : data retrieve from cache : Cache Key getblogs_0_all","time":"2017-08-25T13:58:21.767Z","v":0}
{"name":"BMS","hostname":"NB3051517587","pid":16608,"level":30,"msg":"getblogs method : data retrieve from cache","time":"2017-08-25T13:58:30.123Z","v":0}
{"name":"BMS","hostname":"NB3051517587","pid":16608,"level":30,"msg":"getaboutme method : data retrieve from cache : Cache Key getaboutme595cde84f8ce4a2250f38820","time":"2017-08-25T13:58:32.429Z","v":0}
{"name":"BMS","hostname":"NB3051517587","pid":16608,"level":30,"msg":"getaboutme method : data retrieve from cache","time":"2017-08-25T13:58:34.661Z","v":0}
{"name":"BMS","hostname":"NB3051517587","pid":16608,"level":30,"msg":"findblogs method : data retrieve succesfully : results count : 4","time":"2017-08-25T14:03:00.262Z","v":0}
{"name":"BMS","hostname":"NB3051517587","pid":16608,"level":30,"msg":"getblogs method : data retrieve from cache : Cache Key getblogs_0_all","time":"2017-08-25T14:03:00.266Z","v":0}
{"name":"BMS","hostname":"NB3051517587","pid":16608,"level":30,"msg":"getblogs method : data retrieve from cache","time":"2017-08-25T14:03:11.753Z","v":0}
{"name":"BMS","hostname":"NB3051517587","pid":16608,"level":30,"msg":"getaboutme method : data retrieve from cache : Cache Key getaboutme595cde84f8ce4a2250f38820","time":"2017-08-25T14:03:14.040Z","v":0}
{"name":"BMS","hostname":"NB3051517587","pid":10432,"level":30,"msg":"insert method : results count : undefined","time":"2017-08-25T14:34:46.264Z","v":0}
{"name":"BMS","hostname":"NB3051517587","pid":10432,"level":30,"msg":"insertsubscribeinfo method : data saved successfully : Collection Name : subscribeUser, Data {\"name\":\"test\",\"emailID\":\"t@t.com\",\"dateTime\":\"Fri Aug 25 2017\",\"_id\":\"59a03586da078b28c047ebaf\"}","time":"2017-08-25T14:34:46.267Z","v":0}
{"name":"BMS","hostname":"NB3051517587","pid":10432,"level":30,"msg":"updatepersonaldetails method :  call findOne method : Collection Name : personalinfo, where filter : {\"_id\":\"5974edc9cd2aa80224182e70\"}","time":"2017-08-25T14:35:40.916Z","v":0}
{"name":"BMS","hostname":"NB3051517587","pid":10432,"level":30,"msg":"updatepersonaldetails method : call update method : Collection Name : personalinfo, updated query data : {\"firstname\":\"vvvvv\",\"lastname\":\"vvvv\",\"dob\":\"01/04/1979\",\"phone\":\"76767676776767\"}, where filter : {\"_id\":\"5974edc9cd2aa80224182e70\"}","time":"2017-08-25T14:35:41.119Z","v":0}
{"name":"BMS","hostname":"NB3051517587","pid":10432,"level":30,"msg":"update method : Updated content successfully","time":"2017-08-25T14:35:41.317Z","v":0}
{"name":"BMS","hostname":"NB3051517587","pid":10432,"level":30,"msg":"updatepersonaldetails method : successfully updated personal details : Collection Name : personalinfo, updated query data : {\"n\":1,\"nModified\":1,\"opTime\":{\"ts\":\"6458220947219415041\",\"t\":4},\"electionId\":\"7fffffff0000000000000004\",\"ok\":1}","time":"2017-08-25T14:35:41.318Z","v":0}
{"name":"BMS","hostname":"NB3051517587","pid":10432,"level":30,"msg":"findblogs method : data retrieve succesfully : results count : 4","time":"2017-08-25T14:36:17.846Z","v":0}
{"name":"BMS","hostname":"NB3051517587","pid":10432,"level":30,"msg":"getblogs method : data retrieve from cache : Cache Key getblogs_0_all","time":"2017-08-25T14:36:17.851Z","v":0}
{"name":"BMS","hostname":"NB3051517587","pid":10432,"level":30,"msg":"getblogs method : data retrieve from cache","time":"2017-08-25T14:36:26.116Z","v":0}
{"name":"BMS","hostname":"NB3051517587","pid":10432,"level":30,"msg":"getaboutme method : data retrieve from cache : Cache Key getaboutme595cde84f8ce4a2250f38820","time":"2017-08-25T14:36:28.363Z","v":0}
{"name":"BMS","hostname":"NB3051517587","pid":10432,"level":30,"msg":"updatepersonaldetails method :  call findOne method : Collection Name : personalinfo, where filter : {\"_id\":\"5974edc9cd2aa80224182e70\"}","time":"2017-08-25T14:39:55.089Z","v":0}
{"name":"BMS","hostname":"NB3051517587","pid":10432,"level":30,"msg":"updatepersonaldetails method : call update method : Collection Name : personalinfo, updated query data : {\"firstname\":\"Data\",\"lastname\":\"Data\",\"dob\":\"01/04/1979\",\"phone\":\"76767676776767\"}, where filter : {\"_id\":\"5974edc9cd2aa80224182e70\"}","time":"2017-08-25T14:39:55.286Z","v":0}
{"name":"BMS","hostname":"NB3051517587","pid":10432,"level":30,"msg":"update method : Updated content successfully","time":"2017-08-25T14:39:55.482Z","v":0}
{"name":"BMS","hostname":"NB3051517587","pid":10432,"level":30,"msg":"updatepersonaldetails method : successfully updated personal details : Collection Name : personalinfo, updated query data : {\"n\":1,\"nModified\":1,\"opTime\":{\"ts\":\"6458222042436075521\",\"t\":4},\"electionId\":\"7fffffff0000000000000004\",\"ok\":1}","time":"2017-08-25T14:39:55.482Z","v":0}
{"name":"BMS","hostname":"NB3051517587","pid":8668,"level":30,"msg":"getaboutme method : data retrieve from cache : Cache Key getaboutme595cde84f8ce4a2250f38820","time":"2017-08-25T14:41:23.787Z","v":0}
{"name":"BMS","hostname":"NB3051517587","pid":8668,"level":30,"msg":"findblogs method : data retrieve succesfully : results count : 4","time":"2017-08-25T14:46:58.182Z","v":0}
{"name":"BMS","hostname":"NB3051517587","pid":8668,"level":30,"msg":"getblogs method : data retrieve from cache : Cache Key getblogs_0_all","time":"2017-08-25T14:46:58.186Z","v":0}
{"name":"BMS","hostname":"NB3051517587","pid":8668,"level":30,"msg":"getblogs method : data retrieve from cache","time":"2017-08-25T14:47:01.217Z","v":0}
{"name":"BMS","hostname":"NB3051517587","pid":8668,"level":30,"msg":"getblogs method : data retrieve from cache","time":"2017-08-25T14:47:01.750Z","v":0}
{"name":"BMS","hostname":"NB3051517587","pid":8668,"level":30,"msg":"getblogs method : data retrieve from cache","time":"2017-08-25T14:47:13.378Z","v":0}
{"name":"BMS","hostname":"NB3051517587","pid":8668,"level":30,"msg":"getaboutme method : data retrieve from cache : Cache Key getaboutme595cde84f8ce4a2250f38820","time":"2017-08-25T14:47:16.815Z","v":0}
{"name":"BMS","hostname":"NB3051517587","pid":7024,"level":30,"msg":"findblogs method : data retrieve succesfully : results count : 4","time":"2017-08-25T14:49:35.982Z","v":0}
{"name":"BMS","hostname":"NB3051517587","pid":7024,"level":30,"msg":"getblogs method : data retrieve from cache : Cache Key getblogs_0_all","time":"2017-08-25T14:49:35.985Z","v":0}
{"name":"BMS","hostname":"NB3051517587","pid":7024,"level":30,"msg":"getblogs method : data retrieve from cache","time":"2017-08-25T14:49:40.364Z","v":0}
{"name":"BMS","hostname":"NB3051517587","pid":7024,"level":30,"msg":"getblogs method : data retrieve from cache","time":"2017-08-25T14:49:48.617Z","v":0}
{"name":"BMS","hostname":"NB3051517587","pid":7024,"level":30,"msg":"getaboutme method : data retrieve from cache : Cache Key getaboutme595cde84f8ce4a2250f38820","time":"2017-08-25T14:49:51.142Z","v":0}
{"name":"BMS","hostname":"NB3051517587","pid":15712,"level":30,"msg":"findblogs method : data retrieve succesfully : results count : 4","time":"2017-08-25T14:51:00.282Z","v":0}
{"name":"BMS","hostname":"NB3051517587","pid":15712,"level":30,"msg":"getblogs method : data retrieve from cache : Cache Key getblogs_0_all","time":"2017-08-25T14:51:00.285Z","v":0}
{"name":"BMS","hostname":"NB3051517587","pid":15712,"level":30,"msg":"getblogs method : data retrieve from cache","time":"2017-08-25T14:51:07.811Z","v":0}
{"name":"BMS","hostname":"NB3051517587","pid":15712,"level":30,"msg":"getaboutme method : data retrieve from cache : Cache Key getaboutme595cde84f8ce4a2250f38820","time":"2017-08-25T14:51:10.232Z","v":0}
{"name":"BMS","hostname":"NB3051517587","pid":15712,"level":30,"msg":"findblogs method : data retrieve succesfully : results count : 4","time":"2017-08-25T14:54:27.444Z","v":0}
{"name":"BMS","hostname":"NB3051517587","pid":15712,"level":30,"msg":"getblogs method : data retrieve from cache : Cache Key getblogs_0_all","time":"2017-08-25T14:54:27.446Z","v":0}
{"name":"BMS","hostname":"NB3051517587","pid":15712,"level":30,"msg":"getblogs method : data retrieve from cache","time":"2017-08-25T14:54:35.701Z","v":0}
{"name":"BMS","hostname":"NB3051517587","pid":15712,"level":30,"msg":"getaboutme method : data retrieve from cache : Cache Key getaboutme595cde84f8ce4a2250f38820","time":"2017-08-25T14:54:39.073Z","v":0}
{"name":"BMS","hostname":"NB3051517587","pid":15712,"level":30,"msg":"findblogs method : data retrieve succesfully : results count : 4","time":"2017-08-25T14:59:18.247Z","v":0}
{"name":"BMS","hostname":"NB3051517587","pid":15712,"level":30,"msg":"getblogs method : data retrieve from cache : Cache Key getblogs_0_all","time":"2017-08-25T14:59:18.247Z","v":0}
{"name":"BMS","hostname":"NB3051517587","pid":15712,"level":30,"msg":"getblogs method : data retrieve from cache","time":"2017-08-25T14:59:26.395Z","v":0}
{"name":"BMS","hostname":"NB3051517587","pid":15712,"level":30,"msg":"getaboutme method : data retrieve from cache : Cache Key getaboutme595cde84f8ce4a2250f38820","time":"2017-08-25T14:59:29.466Z","v":0}
{"name":"BMS","hostname":"NB3051517587","pid":15712,"level":30,"msg":"findblogs method : data retrieve succesfully : results count : 4","time":"2017-08-25T15:01:25.441Z","v":0}
{"name":"BMS","hostname":"NB3051517587","pid":15712,"level":30,"msg":"getblogs method : data retrieve from cache : Cache Key getblogs_0_all","time":"2017-08-25T15:01:25.443Z","v":0}
{"name":"BMS","hostname":"NB3051517587","pid":15712,"level":30,"msg":"getblogs method : data retrieve from cache","time":"2017-08-25T15:01:35.396Z","v":0}
{"name":"BMS","hostname":"NB3051517587","pid":15712,"level":30,"msg":"getaboutme method : data retrieve from cache : Cache Key getaboutme595cde84f8ce4a2250f38820","time":"2017-08-25T15:01:38.909Z","v":0}
{"name":"BMS","hostname":"NB3051517587","pid":15712,"level":30,"msg":"getaboutme method : data retrieve from cache : Cache Key getaboutme595cde84f8ce4a2250f38820","time":"2017-08-25T15:03:30.710Z","v":0}
{"name":"BMS","hostname":"NB3051517587","pid":15712,"level":30,"msg":"findblogs method : data retrieve succesfully : results count : 4","time":"2017-08-25T15:05:54.949Z","v":0}
{"name":"BMS","hostname":"NB3051517587","pid":15712,"level":30,"msg":"getblogs method : data retrieve from cache : Cache Key getblogs_0_all","time":"2017-08-25T15:05:54.950Z","v":0}
{"name":"BMS","hostname":"NB3051517587","pid":15712,"level":30,"msg":"getblogs method : data retrieve from cache","time":"2017-08-25T15:06:03.253Z","v":0}
{"name":"BMS","hostname":"NB3051517587","pid":15712,"level":30,"msg":"getaboutme method : data retrieve from cache : Cache Key getaboutme595cde84f8ce4a2250f38820","time":"2017-08-25T15:06:07.065Z","v":0}
{"name":"BMS","hostname":"NB3051517587","pid":15712,"level":30,"msg":"findblogs method : data retrieve succesfully : results count : 4","time":"2017-08-25T15:14:11.792Z","v":0}
{"name":"BMS","hostname":"NB3051517587","pid":15712,"level":30,"msg":"getblogs method : data retrieve from cache : Cache Key getblogs_0_all","time":"2017-08-25T15:14:11.796Z","v":0}
{"name":"BMS","hostname":"NB3051517587","pid":15712,"level":30,"msg":"findblogs method : data retrieve succesfully : results count : 4","time":"2017-08-25T15:15:29.025Z","v":0}
{"name":"BMS","hostname":"NB3051517587","pid":15712,"level":30,"msg":"getblogs method : data retrieve from cache : Cache Key getblogs_0_all","time":"2017-08-25T15:15:29.028Z","v":0}
{"name":"BMS","hostname":"NB3051517587","pid":15712,"level":30,"msg":"findblogs method : data retrieve succesfully : results count : 4","time":"2017-08-25T15:16:03.333Z","v":0}
{"name":"BMS","hostname":"NB3051517587","pid":15712,"level":30,"msg":"getblogs method : data retrieve from cache : Cache Key getblogs_0_all","time":"2017-08-25T15:16:03.334Z","v":0}
{"name":"BMS","hostname":"NB3051517587","pid":15712,"level":30,"msg":"getblogs method : data retrieve from cache","time":"2017-08-25T15:16:10.995Z","v":0}
{"name":"BMS","hostname":"NB3051517587","pid":15712,"level":30,"msg":"getaboutme method : data retrieve from cache : Cache Key getaboutme595cde84f8ce4a2250f38820","time":"2017-08-25T15:16:13.712Z","v":0}
{"name":"BMS","hostname":"NB3051517587","pid":15712,"level":30,"msg":"getaboutme method : data retrieve from cache : Cache Key getaboutme595cde84f8ce4a2250f38820","time":"2017-08-25T15:18:12.894Z","v":0}
{"name":"BMS","hostname":"NB3051517587","pid":2468,"level":30,"msg":"insert method : results count : undefined","time":"2017-08-25T15:22:11.205Z","v":0}
{"name":"BMS","hostname":"NB3051517587","pid":2468,"level":30,"msg":"updatepersonaldetails method : data added successfully : Collection Name : personalinfo, Data {\"userid\":\"595cde84f8ce4a2250f38820\",\"firstname\":\"testing\",\"lastname\":\"testing\",\"dob\":\"08/08/2017\",\"phone\":\"2443434234343434\",\"_id\":\"59a040a3be068109a4639c43\"}","time":"2017-08-25T15:22:11.205Z","v":0}
{"name":"BMS","hostname":"NB3051517587","pid":13024,"level":30,"msg":"findblogs method : data retrieve succesfully : results count : 4","time":"2017-08-25T15:24:08.788Z","v":0}
{"name":"BMS","hostname":"NB3051517587","pid":13024,"level":30,"msg":"getblogs method : data retrieve from cache : Cache Key getblogs_0_all","time":"2017-08-25T15:24:08.794Z","v":0}
{"name":"BMS","hostname":"NB3051517587","pid":13024,"level":30,"msg":"getblogs method : data retrieve from cache","time":"2017-08-25T15:24:15.906Z","v":0}
{"name":"BMS","hostname":"NB3051517587","pid":13024,"level":30,"msg":"getaboutme method : data retrieve from cache : Cache Key getaboutme595cde84f8ce4a2250f38820","time":"2017-08-25T15:24:18.665Z","v":0}
{"name":"BMS","hostname":"NB3051517587","pid":13024,"level":30,"msg":"insert method : results count : undefined","time":"2017-08-25T15:24:42.130Z","v":0}
{"name":"BMS","hostname":"NB3051517587","pid":13024,"level":30,"msg":"updatepersonaldetails method : data added successfully : Collection Name : personalinfo, Data {\"userid\":\"595cde84f8ce4a2250f38820\",\"firstname\":\"Testvaskar\",\"lastname\":\"testVaskar\",\"dob\":\"08/17/2017\",\"phone\":\"\",\"_id\":\"59a04139414a2f32e0926fad\"}","time":"2017-08-25T15:24:42.131Z","v":0}
{"name":"BMS","hostname":"NB3051517587","pid":9712,"level":30,"msg":"getaboutme method : data retrieve from cache : Cache Key getaboutme595cde84f8ce4a2250f38820","time":"2017-08-25T15:29:49.655Z","v":0}
{"name":"BMS","hostname":"NB3051517587","pid":9712,"level":30,"msg":"findblogs method : data retrieve succesfully : results count : 4","time":"2017-08-25T15:30:44.570Z","v":0}
{"name":"BMS","hostname":"NB3051517587","pid":9712,"level":30,"msg":"getblogs method : data retrieve from cache : Cache Key getblogs_0_all","time":"2017-08-25T15:30:44.572Z","v":0}
{"name":"BMS","hostname":"NB3051517587","pid":9712,"level":30,"msg":"getblogs method : data retrieve from cache","time":"2017-08-25T15:30:52.671Z","v":0}
{"name":"BMS","hostname":"NB3051517587","pid":9712,"level":30,"msg":"getaboutme method : data retrieve from cache : Cache Key getaboutme595cde84f8ce4a2250f38820","time":"2017-08-25T15:30:54.667Z","v":0}
{"name":"BMS","hostname":"NB3051517587","pid":9712,"level":30,"msg":"insert method : results count : undefined","time":"2017-08-25T15:31:09.592Z","v":0}
{"name":"BMS","hostname":"NB3051517587","pid":9712,"level":30,"msg":"updatepersonaldetails method : data added successfully : Collection Name : personalinfo, Data {\"userid\":\"595cde84f8ce4a2250f38820\",\"firstname\":\"Test Vaskar\",\"lastname\":\"Test Vaskar\",\"dob\":\"\",\"phone\":\"\",\"_id\":\"59a042bd6c192225f09fdbfa\"}","time":"2017-08-25T15:31:09.592Z","v":0}
{"name":"BMS","hostname":"NB3051517587","pid":9712,"level":30,"msg":"insert method : results count : undefined","time":"2017-08-25T15:31:37.765Z","v":0}
{"name":"BMS","hostname":"NB3051517587","pid":9712,"level":30,"msg":"updatepersonaldetails method : data added successfully : Collection Name : personalinfo, Data {\"userid\":\"595cde84f8ce4a2250f38820\",\"firstname\":\"Test Vaskar Test Vaskar\",\"lastname\":\"Test Vaskar Test Vaskar\",\"dob\":\"08/28/2017\",\"phone\":\"33333333333333333333\",\"_id\":\"59a042d96c192225f09fdbfb\"}","time":"2017-08-25T15:31:37.766Z","v":0}
{"name":"BMS","hostname":"NB3051517587","pid":6668,"level":30,"msg":"getaboutme method : data retrieve from cache : Cache Key getaboutme595cde84f8ce4a2250f38820","time":"2017-08-25T15:35:28.253Z","v":0}
{"name":"BMS","hostname":"NB3051517587","pid":6668,"level":30,"msg":"insert method : results count : undefined","time":"2017-08-25T15:35:50.951Z","v":0}
{"name":"BMS","hostname":"NB3051517587","pid":6668,"level":30,"msg":"updatepersonaldetails method : data added successfully : Collection Name : personalinfo, Data {\"userid\":\"595cde84f8ce4a2250f38820\",\"firstname\":\"test vaskar\",\"lastname\":\"test\",\"dob\":\"08/08/2017\",\"phone\":\"666666666666666\",\"_id\":\"59a043d6d6ab8a1a0caaa254\"}","time":"2017-08-25T15:35:50.952Z","v":0}
{"name":"BMS","hostname":"NB3051517587","pid":6668,"level":30,"msg":"insert method : results count : undefined","time":"2017-08-25T15:36:36.233Z","v":0}
{"name":"BMS","hostname":"NB3051517587","pid":6668,"level":30,"msg":"updatepersonaldetails method : data added successfully : Collection Name : personalinfo, Data {\"userid\":\"595cde84f8ce4a2250f38820\",\"firstname\":\"test vaskar\",\"lastname\":\"test vaskar\",\"dob\":\"08/08/2017\",\"phone\":\"666666666666666\",\"_id\":\"59a04404d6ab8a1a0caaa255\"}","time":"2017-08-25T15:36:36.233Z","v":0}
{"name":"BMS","hostname":"NB3051517587","pid":16196,"level":30,"msg":"getaboutme method : data retrieve from cache : Cache Key getaboutme595cde84f8ce4a2250f38820","time":"2017-08-25T15:39:22.300Z","v":0}
{"name":"BMS","hostname":"NB3051517587","pid":16196,"level":30,"msg":"insert method : results count : undefined","time":"2017-08-25T15:39:39.338Z","v":0}
{"name":"BMS","hostname":"NB3051517587","pid":16196,"level":30,"msg":"updatepersonaldetails method : data added successfully : Collection Name : personalinfo, Data {\"userid\":\"595cde84f8ce4a2250f38820\",\"firstname\":\"testdsfsdfdf\",\"lastname\":\"sdsadsdfsdfdsfdsf\",\"dob\":\"08/01/2017\",\"phone\":\"333333\",\"_id\":\"59a044bb98a97c3f441bfc9b\"}","time":"2017-08-25T15:39:39.338Z","v":0}
{"name":"BMS","hostname":"NB3051517587","pid":6596,"level":30,"msg":"getaboutme method : data retrieve from cache : Cache Key getaboutme595cde84f8ce4a2250f38820","time":"2017-08-25T15:40:53.380Z","v":0}
{"name":"BMS","hostname":"NB3051517587","pid":6596,"level":30,"msg":"insert method : results count : undefined","time":"2017-08-25T15:41:22.724Z","v":0}
{"name":"BMS","hostname":"NB3051517587","pid":6596,"level":30,"msg":"updatepersonaldetails method : data added successfully : Collection Name : personalinfo, Data {\"userid\":\"595cde84f8ce4a2250f38820\",\"firstname\":\"ddddddddddddddddddddddddddddddd\",\"lastname\":\"dddddddddddddddddddddddddddddddddddd\",\"dob\":\"08/08/2017\",\"phone\":\"222222222222222222\",\"_id\":\"59a04522c86b8919c4afac4d\"}","time":"2017-08-25T15:41:22.725Z","v":0}
{"name":"BMS","hostname":"NB3051517587","pid":6596,"level":30,"msg":"insert method : results count : undefined","time":"2017-08-25T15:41:45.997Z","v":0}
{"name":"BMS","hostname":"NB3051517587","pid":6596,"level":30,"msg":"updatepersonaldetails method : data added successfully : Collection Name : personalinfo, Data {\"userid\":\"595cde84f8ce4a2250f38820\",\"firstname\":\"testiiiiiiiiiiiiiiiiiiiiiiiiiiiiiiiiii\",\"lastname\":\"testing\",\"dob\":\"08/08/2017\",\"phone\":\"222222222222222222\",\"_id\":\"59a04539c86b8919c4afac4e\"}","time":"2017-08-25T15:41:45.998Z","v":0}
{"name":"BMS","hostname":"NB3051517587","pid":15476,"level":30,"msg":"updatepersonaldetails method :  call findOne method : Collection Name : personalinfo, where filter : {\"userid\":\"595cde84f8ce4a2250f38820\"}","time":"2017-08-25T15:43:20.622Z","v":0}
{"name":"BMS","hostname":"NB3051517587","pid":15476,"level":30,"msg":"updatepersonaldetails method : call update method : Collection Name : personalinfo, updated query data : {\"firstname\":\"testiiiiiiiiiiiiiiiiiiiiiiiiiiiiiiiiii\",\"lastname\":\"testing\",\"dob\":\"08/08/2017\",\"phone\":\"222222222222222222\"}, where filter : {\"_id\":\"59a04522c86b8919c4afac4d\"}","time":"2017-08-25T15:43:22.281Z","v":0}
{"name":"BMS","hostname":"NB3051517587","pid":15476,"level":30,"msg":"update method : Updated content successfully","time":"2017-08-25T15:43:22.488Z","v":0}
{"name":"BMS","hostname":"NB3051517587","pid":15476,"level":30,"msg":"updatepersonaldetails method : successfully updated personal details : Collection Name : personalinfo, updated query data : {\"n\":1,\"nModified\":1,\"opTime\":{\"ts\":\"6458238393376571393\",\"t\":4},\"electionId\":\"7fffffff0000000000000004\",\"ok\":1}","time":"2017-08-25T15:43:22.492Z","v":0}
>>>>>>> 08676ea338526a9c96f70235fbb17aad8eecdf15
